This is pdfTeX, Version 3.1415926-2.5-1.40.14 (TeX Live 2013/Debian) (format=pdflatex 2014.1.11)  15 JAN 2014 13:08
entering extended mode
 restricted \write18 enabled.
 %&-line parsing enabled.
**Herstein.tex
(./Herstein.tex
LaTeX2e <2011/06/27>
Babel <3.9h> and hyphenation patterns for 78 languages loaded.
(/usr/share/texlive/texmf-dist/tex/latex/base/article.cls
Document Class: article 2007/10/19 v1.4h Standard LaTeX document class
(/usr/share/texlive/texmf-dist/tex/latex/base/size10.clo
File: size10.clo 2007/10/19 v1.4h Standard LaTeX file (size option)
)
\c@part=\count79
\c@section=\count80
\c@subsection=\count81
\c@subsubsection=\count82
\c@paragraph=\count83
\c@subparagraph=\count84
\c@figure=\count85
\c@table=\count86
\abovecaptionskip=\skip41
\belowcaptionskip=\skip42
\bibindent=\dimen102
)
(/usr/share/texlive/texmf-dist/tex/latex/base/inputenc.sty
Package: inputenc 2008/03/30 v1.1d Input encoding file
\inpenc@prehook=\toks14
\inpenc@posthook=\toks15

(/usr/share/texlive/texmf-dist/tex/latex/ucs/utf8x.def
File: utf8x.def 2004/10/17 UCS: Input encoding UTF-8
))
(/usr/share/texlive/texmf-dist/tex/latex/ucs/ucs.sty
Package: ucs 2013/05/11 v2.2 UCS: Unicode input support

(/usr/share/texlive/texmf-dist/tex/latex/ucs/data/uni-global.def
File: uni-global.def 2013/05/13 UCS: Unicode global data
)
\uc@secondtry=\count87
\uc@combtoks=\toks16
\uc@combtoksb=\toks17
\uc@temptokena=\toks18
)
(/usr/share/texlive/texmf-dist/tex/generic/babel/babel.sty
Package: babel 2013/12/03 3.9h The Babel package

(/usr/share/texlive/texmf-dist/tex/generic/babel-spanish/spanish.ldf
Language: spanish.ldf 2010/05/23 v5.0j Spanish support from the babel system

(/usr/share/texlive/texmf-dist/tex/generic/babel/babel.def
File: babel.def 2013/12/03 3.9h Babel common definitions
\babel@savecnt=\count88
\U@D=\dimen103
)
\es@datefmt=\count89
\es@quottoks=\toks19
\es@quotdepth=\count90
Package babel Info: Making " an active character on input line 495.
Package babel Info: Making . an active character on input line 588.
Package babel Info: Making < an active character on input line 633.
Package babel Info: Making > an active character on input line 633.
Package babel Info: Making ' an active character on input line 660.
))
(/usr/share/texlive/texmf-dist/tex/latex/amscls/amsthm.sty
Package: amsthm 2004/08/06 v2.20
\thm@style=\toks20
\thm@bodyfont=\toks21
\thm@headfont=\toks22
\thm@notefont=\toks23
\thm@headpunct=\toks24
\thm@preskip=\skip43
\thm@postskip=\skip44
\thm@headsep=\skip45
\dth@everypar=\toks25
)
(/usr/share/texlive/texmf-dist/tex/latex/amsfonts/amssymb.sty
Package: amssymb 2013/01/14 v3.01 AMS font symbols

(/usr/share/texlive/texmf-dist/tex/latex/amsfonts/amsfonts.sty
Package: amsfonts 2013/01/14 v3.01 Basic AMSFonts support
\@emptytoks=\toks26
\symAMSa=\mathgroup4
\symAMSb=\mathgroup5
LaTeX Font Info:    Overwriting math alphabet `\mathfrak' in version `bold'
(Font)                  U/euf/m/n --> U/euf/b/n on input line 106.
))
(/usr/share/texlive/texmf-dist/tex/latex/graphics/graphicx.sty
Package: graphicx 1999/02/16 v1.0f Enhanced LaTeX Graphics (DPC,SPQR)

(/usr/share/texlive/texmf-dist/tex/latex/graphics/keyval.sty
Package: keyval 1999/03/16 v1.13 key=value parser (DPC)
\KV@toks@=\toks27
)
(/usr/share/texlive/texmf-dist/tex/latex/graphics/graphics.sty
Package: graphics 2009/02/05 v1.0o Standard LaTeX Graphics (DPC,SPQR)

(/usr/share/texlive/texmf-dist/tex/latex/graphics/trig.sty
Package: trig 1999/03/16 v1.09 sin cos tan (DPC)
)
(/usr/share/texlive/texmf-dist/tex/latex/latexconfig/graphics.cfg
File: graphics.cfg 2010/04/23 v1.9 graphics configuration of TeX Live
)
Package graphics Info: Driver file: pdftex.def on input line 91.

(/usr/share/texlive/texmf-dist/tex/latex/pdftex-def/pdftex.def
File: pdftex.def 2011/05/27 v0.06d Graphics/color for pdfTeX

(/usr/share/texlive/texmf-dist/tex/generic/oberdiek/infwarerr.sty
Package: infwarerr 2010/04/08 v1.3 Providing info/warning/error messages (HO)
)
(/usr/share/texlive/texmf-dist/tex/generic/oberdiek/ltxcmds.sty
Package: ltxcmds 2011/11/09 v1.22 LaTeX kernel commands for general use (HO)
)
\Gread@gobject=\count91
))
\Gin@req@height=\dimen104
\Gin@req@width=\dimen105
)
(/usr/share/texlive/texmf-dist/tex/latex/wrapfig/wrapfig.sty
\wrapoverhang=\dimen106
\WF@size=\dimen107
\c@WF@wrappedlines=\count92
\WF@box=\box26
\WF@everypar=\toks28
Package: wrapfig 2003/01/31  v 3.6
)
(/usr/share/texlive/texmf-dist/tex/latex/graphics/color.sty
Package: color 2005/11/14 v1.0j Standard LaTeX Color (DPC)

(/usr/share/texlive/texmf-dist/tex/latex/latexconfig/color.cfg
File: color.cfg 2007/01/18 v1.5 color configuration of teTeX/TeXLive
)
Package color Info: Driver file: pdftex.def on input line 130.
)
(/usr/share/texlive/texmf-dist/tex/latex/textpos/textpos.sty
Package: textpos 2012/11/13 v1.7i

Package: textpos 2012/11/13 1.7i, absolute positioning of text on the page
\TP@textbox=\box27
\TPHorizModule=\dimen108
\TPVertModule=\dimen109
\TP@margin=\dimen110
\TP@absmargin=\dimen111
Grid set 16 x 16 = 37.34424pt x 52.81541pt
\TPboxrulesize=\dimen112
\TP@tbargs=\toks29
\TP@prevdepth=\dimen113
) (/usr/share/texlive/texmf-dist/tex/latex/base/fontenc.sty
Package: fontenc 2005/09/27 v1.99g Standard LaTeX package

(/usr/share/texlive/texmf-dist/tex/latex/base/t1enc.def
File: t1enc.def 2005/09/27 v1.99g Standard LaTeX file
LaTeX Font Info:    Redeclaring font encoding T1 on input line 43.
))
\c@teo=\count93
\c@lem=\count94
 (./Herstein.aux
LaTeX Info: Redefining \. on input line 7.
LaTeX Info: Redefining \% on input line 7.
)
\openout1 = `Herstein.aux'.

LaTeX Font Info:    Checking defaults for OML/cmm/m/it on input line 18.
LaTeX Font Info:    ... okay on input line 18.
LaTeX Font Info:    Checking defaults for T1/cmr/m/n on input line 18.
LaTeX Font Info:    ... okay on input line 18.
LaTeX Font Info:    Checking defaults for OT1/cmr/m/n on input line 18.
LaTeX Font Info:    ... okay on input line 18.
LaTeX Font Info:    Checking defaults for OMS/cmsy/m/n on input line 18.
LaTeX Font Info:    ... okay on input line 18.
LaTeX Font Info:    Checking defaults for OMX/cmex/m/n on input line 18.
LaTeX Font Info:    ... okay on input line 18.
LaTeX Font Info:    Checking defaults for U/cmr/m/n on input line 18.
LaTeX Font Info:    ... okay on input line 18.

(/usr/share/texlive/texmf-dist/tex/latex/ucs/ucsencs.def
File: ucsencs.def 2011/01/21 Fixes to fontencodings LGR, T3
)
LaTeX Info: Redefining \. on input line 18.
LaTeX Info: Redefining \% on input line 18.

(/usr/share/texlive/texmf-dist/tex/context/base/supp-pdf.mkii
[Loading MPS to PDF converter (version 2006.09.02).]
\scratchcounter=\count95
\scratchdimen=\dimen114
\scratchbox=\box28
\nofMPsegments=\count96
\nofMParguments=\count97
\everyMPshowfont=\toks30
\MPscratchCnt=\count98
\MPscratchDim=\dimen115
\MPnumerator=\count99
\makeMPintoPDFobject=\count100
\everyMPtoPDFconversion=\toks31
) (/usr/share/texlive/texmf-dist/tex/generic/oberdiek/pdftexcmds.sty
Package: pdftexcmds 2011/11/29 v0.20 Utility functions of pdfTeX for LuaTeX (HO
)

(/usr/share/texlive/texmf-dist/tex/generic/oberdiek/ifluatex.sty
Package: ifluatex 2010/03/01 v1.3 Provides the ifluatex switch (HO)
Package ifluatex Info: LuaTeX not detected.
)
(/usr/share/texlive/texmf-dist/tex/generic/oberdiek/ifpdf.sty
Package: ifpdf 2011/01/30 v2.3 Provides the ifpdf switch (HO)
Package ifpdf Info: pdfTeX in PDF mode is detected.
)
Package pdftexcmds Info: LuaTeX not detected.
Package pdftexcmds Info: \pdf@primitive is available.
Package pdftexcmds Info: \pdf@ifprimitive is available.
Package pdftexcmds Info: \pdfdraftmode found.
)
(/usr/share/texlive/texmf-dist/tex/latex/oberdiek/epstopdf-base.sty
Package: epstopdf-base 2010/02/09 v2.5 Base part for package epstopdf

(/usr/share/texlive/texmf-dist/tex/latex/oberdiek/grfext.sty
Package: grfext 2010/08/19 v1.1 Manage graphics extensions (HO)

(/usr/share/texlive/texmf-dist/tex/generic/oberdiek/kvdefinekeys.sty
Package: kvdefinekeys 2011/04/07 v1.3 Define keys (HO)
))
(/usr/share/texlive/texmf-dist/tex/latex/oberdiek/kvoptions.sty
Package: kvoptions 2011/06/30 v3.11 Key value format for package options (HO)

(/usr/share/texlive/texmf-dist/tex/generic/oberdiek/kvsetkeys.sty
Package: kvsetkeys 2012/04/25 v1.16 Key value parser (HO)

(/usr/share/texlive/texmf-dist/tex/generic/oberdiek/etexcmds.sty
Package: etexcmds 2011/02/16 v1.5 Avoid name clashes with e-TeX commands (HO)
Package etexcmds Info: Could not find \expanded.
(etexcmds)             That can mean that you are not using pdfTeX 1.50 or
(etexcmds)             that some package has redefined \expanded.
(etexcmds)             In the latter case, load this package earlier.
)))
Package grfext Info: Graphics extension search list:
(grfext)             [.png,.pdf,.jpg,.mps,.jpeg,.jbig2,.jb2,.PNG,.PDF,.JPG,.JPE
G,.JBIG2,.JB2,.eps]
(grfext)             \AppendGraphicsExtensions on input line 452.

(/usr/share/texlive/texmf-dist/tex/latex/latexconfig/epstopdf-sys.cfg
File: epstopdf-sys.cfg 2010/07/13 v1.3 Configuration of (r)epstopdf for TeX Liv
e
))
LaTeX Font Info:    Try loading font information for U+msa on input line 19.

(/usr/share/texlive/texmf-dist/tex/latex/amsfonts/umsa.fd
File: umsa.fd 2013/01/14 v3.01 AMS symbols A
)
LaTeX Font Info:    Try loading font information for U+msb on input line 19.

(/usr/share/texlive/texmf-dist/tex/latex/amsfonts/umsb.fd
File: umsb.fd 2013/01/14 v3.01 AMS symbols B
) [1

{/var/lib/texmf/fonts/map/pdftex/updmap/pdftex.map}]
(/usr/share/texlive/texmf-dist/tex/latex/ucs/data/uni-0.def
File: uni-0.def 2013/05/13 UCS: Unicode data U+0000..U+00FF
) [2]
LaTeX Font Info:    Try loading font information for OMS+cmr on input line 40.

(/usr/share/texlive/texmf-dist/tex/latex/base/omscmr.fd
File: omscmr.fd 1999/05/25 v2.5h Standard LaTeX font definitions
)
LaTeX Font Info:    Font shape `OMS/cmr/m/n' in size <10> not available
(Font)              Font shape `OMS/cmsy/m/n' tried instead on input line 40.


LaTeX Warning: Command \textperiodcentered invalid in math mode on input line 4
0.


LaTeX Warning: Command \textperiodcentered invalid in math mode on input line 4
0.


Underfull \hbox (badness 10000) in paragraph at lines 52--71

 []


Underfull \hbox (badness 10000) in paragraph at lines 52--71

 []


Underfull \hbox (badness 10000) in paragraph at lines 52--71

 []


Underfull \hbox (badness 10000) in paragraph at lines 52--71

 []


Underfull \hbox (badness 10000) in paragraph at lines 52--71

 []


Underfull \hbox (badness 10000) in paragraph at lines 52--71

 []


Underfull \hbox (badness 10000) in paragraph at lines 71--75

 []


LaTeX Warning: Command \^ invalid in math mode on input line 82.

Missing character: There is no â in font cmr10!

Underfull \hbox (badness 10000) in paragraph at lines 75--86

 []


Underfull \hbox (badness 10000) in paragraph at lines 75--86

 []


Underfull \hbox (badness 10000) in paragraph at lines 86--90

 []

[3]
Underfull \hbox (badness 10000) in paragraph at lines 90--843

 []


Underfull \hbox (badness 10000) in paragraph at lines 90--843

 []


Underfull \hbox (badness 10000) in paragraph at lines 90--843

 []


Underfull \hbox (badness 10000) in paragraph at lines 90--843

 []


Underfull \hbox (badness 10000) in paragraph at lines 90--843

 []


Underfull \hbox (badness 10000) in paragraph at lines 90--843

 []


Underfull \hbox (badness 10000) in paragraph at lines 90--843

 []


Underfull \hbox (badness 10000) in paragraph at lines 90--843

 []


Underfull \hbox (badness 10000) in paragraph at lines 90--843

 []


Underfull \hbox (badness 10000) in paragraph at lines 90--843

 []


Underfull \hbox (badness 10000) in paragraph at lines 90--843

 []


Underfull \hbox (badness 10000) in paragraph at lines 90--843

 []


Underfull \hbox (badness 10000) in paragraph at lines 90--843

 []


Underfull \hbox (badness 10000) in paragraph at lines 90--843

 []


Underfull \hbox (badness 10000) in paragraph at lines 90--843

 []


Underfull \hbox (badness 10000) in paragraph at lines 90--843

 []


Underfull \hbox (badness 10000) in paragraph at lines 90--843

 []


Underfull \hbox (badness 10000) in paragraph at lines 90--843

 []


Underfull \hbox (badness 10000) in paragraph at lines 90--843

 []


Underfull \hbox (badness 10000) in paragraph at lines 90--843

 []


Underfull \hbox (badness 10000) in paragraph at lines 90--843

 []


Underfull \hbox (badness 10000) in paragraph at lines 90--843

 []


Underfull \hbox (badness 10000) in paragraph at lines 90--843

 []


Underfull \hbox (badness 10000) in paragraph at lines 90--843

 []


Underfull \hbox (badness 10000) in paragraph at lines 90--843

 []


Underfull \hbox (badness 10000) in paragraph at lines 90--843

 []


Underfull \hbox (badness 10000) in paragraph at lines 90--843

 []


Underfull \hbox (badness 10000) in paragraph at lines 90--843

 []


Underfull \hbox (badness 10000) in paragraph at lines 90--843

 []


Underfull \hbox (badness 10000) in paragraph at lines 90--843

 []


Underfull \hbox (badness 10000) in paragraph at lines 90--843

 []


Underfull \hbox (badness 10000) in paragraph at lines 90--843

 []


Underfull \hbox (badness 10000) in paragraph at lines 90--843

 []


Underfull \hbox (badness 10000) in paragraph at lines 90--843

 []


Underfull \hbox (badness 10000) in paragraph at lines 90--843

 []


Underfull \hbox (badness 10000) in paragraph at lines 90--843

 []


Underfull \hbox (badness 10000) in paragraph at lines 90--843

 []


Underfull \hbox (badness 10000) in paragraph at lines 90--843

 []


Underfull \hbox (badness 10000) in paragraph at lines 90--843

 []


Underfull \hbox (badness 10000) in paragraph at lines 90--843

 []


Underfull \hbox (badness 10000) in paragraph at lines 90--843

 []


Underfull \hbox (badness 10000) in paragraph at lines 90--843

 []


Underfull \hbox (badness 10000) in paragraph at lines 90--843

 []


Underfull \hbox (badness 10000) in paragraph at lines 90--843

 []


Underfull \hbox (badness 10000) in paragraph at lines 90--843

 []


Underfull \hbox (badness 10000) in paragraph at lines 90--843

 []


Underfull \hbox (badness 10000) in paragraph at lines 90--843

 []


Underfull \hbox (badness 10000) in paragraph at lines 90--843

 []


Underfull \hbox (badness 10000) in paragraph at lines 90--843

 []


Underfull \hbox (badness 10000) in paragraph at lines 90--843

 []


Underfull \hbox (badness 10000) in paragraph at lines 90--843

 []


Underfull \hbox (badness 10000) in paragraph at lines 90--843

 []


Underfull \hbox (badness 10000) in paragraph at lines 90--843

 []


Underfull \hbox (badness 10000) in paragraph at lines 90--843

 []


Underfull \hbox (badness 10000) in paragraph at lines 90--843

 []


Underfull \hbox (badness 10000) in paragraph at lines 90--843

 []


Underfull \hbox (badness 10000) in paragraph at lines 90--843

 []


Underfull \hbox (badness 10000) in paragraph at lines 90--843

 []


Underfull \hbox (badness 10000) in paragraph at lines 90--843

 []


Underfull \hbox (badness 10000) in paragraph at lines 90--843

 []


Underfull \hbox (badness 10000) in paragraph at lines 90--843

 []


Underfull \hbox (badness 10000) in paragraph at lines 90--843

 []


Underfull \hbox (badness 10000) in paragraph at lines 90--843

 []


Underfull \hbox (badness 10000) in paragraph at lines 90--843

 []


Underfull \hbox (badness 10000) in paragraph at lines 90--843

 []


Underfull \hbox (badness 10000) in paragraph at lines 90--843

 []


Underfull \hbox (badness 10000) in paragraph at lines 90--843

 []


Underfull \hbox (badness 10000) in paragraph at lines 90--843

 []


Underfull \hbox (badness 10000) in paragraph at lines 90--843

 []


Underfull \hbox (badness 10000) in paragraph at lines 90--843

 []


Underfull \hbox (badness 10000) in paragraph at lines 90--843

 []


Underfull \hbox (badness 10000) in paragraph at lines 90--843

 []


Underfull \hbox (badness 10000) in paragraph at lines 90--843

 []


Underfull \hbox (badness 10000) in paragraph at lines 90--843

 []


Underfull \hbox (badness 10000) in paragraph at lines 90--843

 []


Underfull \hbox (badness 10000) in paragraph at lines 90--843

 []


Underfull \hbox (badness 10000) in paragraph at lines 90--843

 []


Underfull \hbox (badness 10000) in paragraph at lines 90--843

 []


Underfull \hbox (badness 10000) in paragraph at lines 90--843

 []


Underfull \hbox (badness 10000) in paragraph at lines 90--843

 []


Underfull \hbox (badness 10000) in paragraph at lines 90--843

 []


Underfull \hbox (badness 10000) in paragraph at lines 90--843

 []


Underfull \hbox (badness 10000) in paragraph at lines 90--843

 []


Underfull \hbox (badness 10000) in paragraph at lines 90--843

 []


Underfull \hbox (badness 10000) in paragraph at lines 90--843

 []


Underfull \hbox (badness 10000) in paragraph at lines 90--843

 []


Underfull \hbox (badness 10000) in paragraph at lines 90--843

 []


Underfull \hbox (badness 10000) in paragraph at lines 90--843

 []


Underfull \hbox (badness 10000) in paragraph at lines 90--843

 []


Underfull \hbox (badness 10000) in paragraph at lines 90--843

 []


Underfull \hbox (badness 10000) in paragraph at lines 90--843

 []


Underfull \hbox (badness 10000) in paragraph at lines 90--843

 []


Underfull \hbox (badness 10000) in paragraph at lines 90--843

 []


Underfull \hbox (badness 10000) in paragraph at lines 90--843

 []


Underfull \hbox (badness 10000) in paragraph at lines 90--843

 []


Underfull \hbox (badness 10000) in paragraph at lines 90--843

 []


Underfull \hbox (badness 10000) in paragraph at lines 90--843

 []


Underfull \hbox (badness 10000) in paragraph at lines 90--843

 []


Underfull \hbox (badness 10000) in paragraph at lines 90--843

 []


Underfull \hbox (badness 10000) in paragraph at lines 90--843

 []


Underfull \hbox (badness 10000) in paragraph at lines 90--843

 []


Underfull \hbox (badness 10000) in paragraph at lines 90--843

 []


Underfull \hbox (badness 10000) in paragraph at lines 90--843

 []


Underfull \hbox (badness 10000) in paragraph at lines 90--843

 []


Underfull \hbox (badness 10000) in paragraph at lines 90--843

 []


Underfull \hbox (badness 10000) in paragraph at lines 90--843

 []


Underfull \hbox (badness 10000) in paragraph at lines 90--843

 []


Underfull \hbox (badness 10000) in paragraph at lines 90--843

 []


Underfull \hbox (badness 10000) in paragraph at lines 90--843

 []


Underfull \hbox (badness 10000) in paragraph at lines 90--843

 []


Underfull \hbox (badness 10000) in paragraph at lines 90--843

 []


Underfull \hbox (badness 10000) in paragraph at lines 90--843

 []


Underfull \hbox (badness 10000) in paragraph at lines 90--843

 []


Underfull \hbox (badness 10000) in paragraph at lines 90--843

 []


Underfull \hbox (badness 10000) in paragraph at lines 90--843

 []


Underfull \hbox (badness 10000) in paragraph at lines 90--843

 []


Underfull \hbox (badness 10000) in paragraph at lines 90--843

 []


Underfull \hbox (badness 10000) in paragraph at lines 90--843

 []


Underfull \hbox (badness 10000) in paragraph at lines 90--843

 []


Underfull \hbox (badness 10000) in paragraph at lines 90--843

 []


Underfull \hbox (badness 10000) in paragraph at lines 90--843

 []


Underfull \hbox (badness 10000) in paragraph at lines 90--843

 []


Underfull \hbox (badness 10000) in paragraph at lines 90--843

 []


Underfull \hbox (badness 10000) in paragraph at lines 90--843

 []


Underfull \hbox (badness 10000) in paragraph at lines 90--843

 []


Underfull \hbox (badness 10000) in paragraph at lines 90--843

 []


Underfull \hbox (badness 10000) in paragraph at lines 90--843

 []


Underfull \hbox (badness 10000) in paragraph at lines 90--843

 []


Underfull \hbox (badness 10000) in paragraph at lines 90--843

 []


Underfull \hbox (badness 10000) in paragraph at lines 90--843

 []


Underfull \hbox (badness 10000) in paragraph at lines 90--843

 []

[4] [5] [6] [7] [8] [9] [10] [11]
LaTeX Font Info:    Font shape `OMS/cmr/m/it' in size <10> not available
(Font)              Font shape `OMS/cmsy/m/n' tried instead on input line 848.

Underfull \hbox (badness 10000) in paragraph at lines 853--869

 []


Underfull \hbox (badness 10000) in paragraph at lines 853--869

 []


Underfull \hbox (badness 10000) in paragraph at lines 853--869

 []

[12] (./Herstein.aux
LaTeX Info: Redefining \. on input line 7.
LaTeX Info: Redefining \% on input line 7.
) ) 
Here is how much of TeX's memory you used:
 3803 strings out of 493304
 49578 string characters out of 6139871
 168502 words of memory out of 5000000
 7188 multiletter control sequences out of 15000+600000
 16060 words of font info for 48 fonts, out of 8000000 for 9000
 957 hyphenation exceptions out of 8191
 38i,6n,26p,606b,537s stack positions out of 5000i,500n,10000p,200000b,80000s
{/usr/share/texmf/fonts/enc/dvips/cm-super/cm-super-t1.enc}</usr/share/texli
ve/texmf-dist/fonts/type1/public/amsfonts/cm/cmmi10.pfb></usr/share/texlive/tex
mf-dist/fonts/type1/public/amsfonts/cm/cmmi7.pfb></usr/share/texlive/texmf-dist
/fonts/type1/public/amsfonts/cm/cmr10.pfb></usr/share/texlive/texmf-dist/fonts/
type1/public/amsfonts/cm/cmr7.pfb></usr/share/texlive/texmf-dist/fonts/type1/pu
blic/amsfonts/cm/cmsy10.pfb></usr/share/texlive/texmf-dist/fonts/type1/public/a
msfonts/cm/cmsy7.pfb></usr/share/texlive/texmf-dist/fonts/type1/public/amsfonts
/symbols/msam10.pfb></usr/share/texlive/texmf-dist/fonts/type1/public/amsfonts/
symbols/msbm10.pfb></usr/share/texmf/fonts/type1/public/cm-super/sfbx1000.pfb><
/usr/share/texmf/fonts/type1/public/cm-super/sfbx1200.pfb></usr/share/texmf/fon
ts/type1/public/cm-super/sfbx1440.pfb></usr/share/texmf/fonts/type1/public/cm-s
uper/sfrm1000.pfb></usr/share/texmf/fonts/type1/public/cm-super/sfrm1200.pfb></
usr/share/texmf/fonts/type1/public/cm-super/sfrm1728.pfb></usr/share/texmf/font
s/type1/public/cm-super/sfti1000.pfb>
Output written on Herstein.pdf (12 pages, 181585 bytes).
PDF statistics:
 104 PDF objects out of 1000 (max. 8388607)
 74 compressed objects within 1 object stream
 0 named destinations out of 1000 (max. 500000)
 1 words of extra memory for PDF output out of 10000 (max. 10000000)

